2024-03-27
Index(['event_id', 'event_time', 'event_name', 'inet_event_name', 'team',
       'season_name', 'event_type', 'season_id', 'season_year', 'arena_id',
       'arena_name', 'manifest_name', 'event_date', 'promoter_name',
       'major_category', 'minor_category'],
      dtype='object')
    event_id event_time  ... major_category      minor_category
38     26267   19:30:00  ...         SPORTS  NBA PRO BASKETBALL
39     26224   19:00:00  ...         SPORTS      NHL PRO HOCKEY
19     27556   19:30:00  ...           MISC               OTHER
61     28531   19:30:00  ...         SPORTS          MLS SOCCER
37     26265   18:00:00  ...         SPORTS  NBA PRO BASKETBALL

[5 rows x 16 columns]
2024-03-27
CSV file uploaded successfully
2024-03-28
CSV file uploaded successfully
2024-03-29
CSV file uploaded successfully
2024-03-30
CSV file uploaded successfully
2024-03-31
CSV file uploaded successfully
2024-04-01
CSV file uploaded successfully
2024-04-02
CSV file uploaded successfully
2024-04-03
CSV file uploaded successfully
2024-04-04
CSV file uploaded successfully
2024-04-05
CSV file uploaded successfully
